Arguments: 
  /Users/oliviachang/.nvm/versions/node/v8.15.1/bin/node /Users/oliviachang/.yarn/bin/yarn.js

PATH: 
  /Users/oliviachang/.rvm/gems/ruby-2.3.0/bin:/Users/oliviachang/.rvm/gems/ruby-2.3.0@global/bin:/Users/oliviachang/.rvm/rubies/ruby-2.3.0/bin:/Users//Users/oliviachang/.nodenv/versions/10.10.0/bin:/Users/oliviachang/Library/Python/2.7/bin/:/Users/oliviachang/.yarn/bin:/Users/oliviachang/.nvm/versions/node/v8.15.1/bin:/Library/Frameworks/Python.framework/Versions/3.7/bin:/usr/local/bin:/usr/bin:/bin:/usr/sbin:/sbin:/Library/TeX/texbin:/usr/local/go/bin:/opt/X11/bin:/Users/oliviachang/.npm-global/bin:/Users/oliviachang/.rvm/bin

Yarn version: 
  1.7.0

Node version: 
  8.15.1

Platform: 
  darwin x64

Trace: 
  SyntaxError: /Users/oliviachang/coding/hax/package.json: Unexpected token } in JSON at position 53
      at JSON.parse (<anonymous>)
      at /Users/oliviachang/.yarn/lib/cli.js:1130:59
      at Generator.next (<anonymous>)
      at step (/Users/oliviachang/.yarn/lib/cli.js:98:30)
      at /Users/oliviachang/.yarn/lib/cli.js:109:13
      at <anonymous>

npm manifest: 
  {
    "dependencies": {
      "animate.css": "^3.7.0",
    }
  }

yarn manifest: 
  No manifest

Lockfile: 
  # THIS IS AN AUTOGENERATED FILE. DO NOT EDIT THIS FILE DIRECTLY.
  # yarn lockfile v1
  
  
  animate.css@^3.7.0:
    version "3.7.0"
    resolved "https://registry.yarnpkg.com/animate.css/-/animate.css-3.7.0.tgz#5de25d1ee5fba11ba6a1e2c4fa568f512eb7d4da"
  
  bootstrap@^4.3.1:
    version "4.3.1"
    resolved "https://registry.yarnpkg.com/bootstrap/-/bootstrap-4.3.1.tgz#280ca8f610504d99d7b6b4bfc4b68cec601704ac"
  
  delegate@3.1.3:
    version "3.1.3"
    resolved "https://registry.yarnpkg.com/delegate/-/delegate-3.1.3.tgz#9a8251a777d7025faa55737bc3b071742127a9fd"
  
  jquery@>2.1.4:
    version "3.4.0"
    resolved "https://registry.yarnpkg.com/jquery/-/jquery-3.4.0.tgz#8de513fa0fa4b2c7d2e48a530e26f0596936efdf"
  
  lazyload@^2.0.0-rc.2:
    version "2.0.0-rc.2"
    resolved "https://registry.yarnpkg.com/lazyload/-/lazyload-2.0.0-rc.2.tgz#c774eb7966f334c9bed2f27580fc333a770eb256"
  
  popper.js@^1.15.0:
    version "1.15.0"
    resolved "https://registry.yarnpkg.com/popper.js/-/popper.js-1.15.0.tgz#5560b99bbad7647e9faa475c6b8056621f5a4ff2"
  
  readmore-js@^2.2.1:
    version "2.2.1"
    resolved "https://registry.yarnpkg.com/readmore-js/-/readmore-js-2.2.1.tgz#ab75036c8a47b6ffa2d3d14cd527c7f479edc117"
    dependencies:
      jquery ">2.1.4"
  
  swup@^1.9.0:
    version "1.9.0"
    resolved "https://registry.yarnpkg.com/swup/-/swup-1.9.0.tgz#9bfc2c80abf7cc4e0071e7aedde8e0463d8d9822"
    dependencies:
      delegate "3.1.3"
